<?xml version="1.0" encoding="UTF-8"?>
<testsuite name="MoodAnalyserTest" tests="4" skipped="0" failures="0" errors="0" timestamp="2020-09-23T02:41:06" hostname="ABC" time="0.007">
  <properties/>
  <testcase name="happyMood_returnHappy_ifMoodEqualsOtherThanSad" classname="MoodAnalyserTest" time="0.004"/>
  <testcase name="invalidMood_throwsException_ifMessageEmpty" classname="MoodAnalyserTest" time="0.0"/>
  <testcase name="sadMood_returnSad_ifMoodEqualsSad" classname="MoodAnalyserTest" time="0.0"/>
  <testcase name="invalidMood_throwsException_ifMessageNull" classname="MoodAnalyserTest" time="0.002"/>
  <system-out><![CDATA[]]></system-out>
  <system-err><![CDATA[]]></system-err>
</testsuite>
