<?xml version="1.0" encoding="UTF-8"?>
<testsuite name="MoodAnalyserTest" tests="2" skipped="0" failures="0" errors="0" timestamp="2020-09-23T02:07:57" hostname="ABC" time="0.004">
  <properties/>
  <testcase name="happyMood_returnHappy_ifMoodEqualsOtherThanSad" classname="MoodAnalyserTest" time="0.002"/>
  <testcase name="sadMood_returnSad_ifMoodEqualsSad" classname="MoodAnalyserTest" time="0.0"/>
  <system-out><![CDATA[]]></system-out>
  <system-err><![CDATA[]]></system-err>
</testsuite>
